<?xml version="1.0" encoding="UTF-8"?>
<!-- Generated by org.testng.reporters.JUnitReportReporter -->
<testsuite skipped="0" hostname="DESKTOP-BVQOCRH" name="com.jen1.framework.J" tests="1" failures="0" timestamp="2022-12-21T10:02:16 IST" time="0.031" errors="0">
  <testcase name="test1" time="0.031" classname="com.jen1.framework.J"/>
  <system-out/>
</testsuite> <!-- com.jen1.framework.J -->
