<?xml version="1.0" encoding="UTF-8"?>
<!-- Generated by org.testng.reporters.JUnitReportReporter -->
<testsuite skipped="0" hostname="DESKTOP-BVQOCRH" name="com.jen1.framework.JTest" tests="1" failures="0" timestamp="2022-12-21T10:15:25 IST" time="0.015" errors="0">
  <testcase name="test1" time="0.015" classname="com.jen1.framework.JTest"/>
  <system-out/>
</testsuite> <!-- com.jen1.framework.JTest -->
